<?xml version="1.0" encoding="UTF-8"?>
<coverage generated="1651954490992" clover="3.2.0">
  <project timestamp="1651954490992" name="All files">
    <metrics statements="98" coveredstatements="89" conditionals="36" coveredconditionals="17" methods="34" coveredmethods="31" elements="168" coveredelements="137" complexity="0" loc="98" ncloc="98" packages="10" files="11" classes="11"/>
    <package name="src">
      <metrics statements="7" coveredstatements="7" conditionals="0" coveredconditionals="0" methods="0" coveredmethods="0"/>
      <file name="app.ts" path="/home/luiza/Desktop/Driven/19_SingMe-a-Song/back-end/src/app.ts">
        <metrics statements="5" coveredstatements="5" conditionals="0" coveredconditionals="0" methods="0" coveredmethods="0"/>
        <line num="7" count="1" type="stmt"/>
        <line num="8" count="1" type="stmt"/>
        <line num="9" count="1" type="stmt"/>
        <line num="11" count="1" type="stmt"/>
        <line num="12" count="1" type="stmt"/>
      </file>
      <file name="database.ts" path="/home/luiza/Desktop/Driven/19_SingMe-a-Song/back-end/src/database.ts">
        <metrics statements="2" coveredstatements="2" conditionals="0" coveredconditionals="0" methods="0" coveredmethods="0"/>
        <line num="3" count="1" type="stmt"/>
        <line num="4" count="1" type="stmt"/>
      </file>
    </package>
    <package name="src.controllers">
      <metrics statements="22" coveredstatements="21" conditionals="1" coveredconditionals="0" methods="7" coveredmethods="7"/>
      <file name="recommendationController.ts" path="/home/luiza/Desktop/Driven/19_SingMe-a-Song/back-end/src/controllers/recommendationController.ts">
        <metrics statements="22" coveredstatements="21" conditionals="1" coveredconditionals="0" methods="7" coveredmethods="7"/>
        <line num="7" count="1" type="stmt"/>
        <line num="8" count="1" type="cond" truecount="0" falsecount="1"/>
        <line num="9" count="0" type="stmt"/>
        <line num="12" count="1" type="stmt"/>
        <line num="14" count="1" type="stmt"/>
        <line num="18" count="3" type="stmt"/>
        <line num="20" count="3" type="stmt"/>
        <line num="22" count="2" type="stmt"/>
        <line num="26" count="4" type="stmt"/>
        <line num="28" count="4" type="stmt"/>
        <line num="30" count="3" type="stmt"/>
        <line num="34" count="2" type="stmt"/>
        <line num="36" count="1" type="stmt"/>
        <line num="40" count="2" type="stmt"/>
        <line num="41" count="2" type="stmt"/>
        <line num="45" count="1" type="stmt"/>
        <line num="47" count="1" type="stmt"/>
        <line num="48" count="1" type="stmt"/>
        <line num="52" count="3" type="stmt"/>
        <line num="54" count="3" type="stmt"/>
        <line num="55" count="1" type="stmt"/>
        <line num="58" count="1" type="stmt"/>
      </file>
    </package>
    <package name="src.middlewares">
      <metrics statements="4" coveredstatements="4" conditionals="1" coveredconditionals="1" methods="1" coveredmethods="1"/>
      <file name="errorHandlerMiddleware.ts" path="/home/luiza/Desktop/Driven/19_SingMe-a-Song/back-end/src/middlewares/errorHandlerMiddleware.ts">
        <metrics statements="4" coveredstatements="4" conditionals="1" coveredconditionals="1" methods="1" coveredmethods="1"/>
        <line num="14" count="5" type="stmt"/>
        <line num="16" count="5" type="cond" truecount="1" falsecount="0"/>
        <line num="17" count="4" type="stmt"/>
        <line num="20" count="1" type="stmt"/>
      </file>
    </package>
    <package name="src.repositories">
      <metrics statements="12" coveredstatements="12" conditionals="1" coveredconditionals="1" methods="8" coveredmethods="8"/>
      <file name="recommendationRepository.ts" path="/home/luiza/Desktop/Driven/19_SingMe-a-Song/back-end/src/repositories/recommendationRepository.ts">
        <metrics statements="12" coveredstatements="12" conditionals="1" coveredconditionals="1" methods="8" coveredmethods="8"/>
        <line num="6" count="1" type="stmt"/>
        <line num="17" count="6" type="stmt"/>
        <line num="19" count="6" type="stmt"/>
        <line num="27" count="1" type="stmt"/>
        <line num="36" count="6" type="cond" truecount="1" falsecount="0"/>
        <line num="38" count="2" type="stmt"/>
        <line num="40" count="2" type="stmt"/>
        <line num="46" count="10" type="stmt"/>
        <line num="52" count="1" type="stmt"/>
        <line num="58" count="5" type="stmt"/>
        <line num="67" count="1" type="stmt"/>
        <line num="72" count="1" type="stmt"/>
      </file>
    </package>
    <package name="src.routers">
      <metrics statements="8" coveredstatements="8" conditionals="0" coveredconditionals="0" methods="0" coveredmethods="0"/>
      <file name="recommendationRouter.ts" path="/home/luiza/Desktop/Driven/19_SingMe-a-Song/back-end/src/routers/recommendationRouter.ts">
        <metrics statements="8" coveredstatements="8" conditionals="0" coveredconditionals="0" methods="0" coveredmethods="0"/>
        <line num="4" count="1" type="stmt"/>
        <line num="6" count="1" type="stmt"/>
        <line num="7" count="1" type="stmt"/>
        <line num="8" count="1" type="stmt"/>
        <line num="9" count="1" type="stmt"/>
        <line num="10" count="1" type="stmt"/>
        <line num="11" count="1" type="stmt"/>
        <line num="12" count="1" type="stmt"/>
      </file>
    </package>
    <package name="src.schemas">
      <metrics statements="2" coveredstatements="2" conditionals="0" coveredconditionals="0" methods="0" coveredmethods="0"/>
      <file name="recommendationsSchemas.ts" path="/home/luiza/Desktop/Driven/19_SingMe-a-Song/back-end/src/schemas/recommendationsSchemas.ts">
        <metrics statements="2" coveredstatements="2" conditionals="0" coveredconditionals="0" methods="0" coveredmethods="0"/>
        <line num="4" count="1" type="stmt"/>
        <line num="6" count="1" type="stmt"/>
      </file>
    </package>
    <package name="src.services">
      <metrics statements="30" coveredstatements="28" conditionals="6" coveredconditionals="4" methods="9" coveredmethods="9"/>
      <file name="recommendationsService.ts" path="/home/luiza/Desktop/Driven/19_SingMe-a-Song/back-end/src/services/recommendationsService.ts">
        <metrics statements="30" coveredstatements="28" conditionals="6" coveredconditionals="4" methods="9" coveredmethods="9"/>
        <line num="8" count="1" type="stmt"/>
        <line num="11" count="1" type="cond" truecount="0" falsecount="1"/>
        <line num="12" count="0" type="stmt"/>
        <line num="14" count="1" type="stmt"/>
        <line num="18" count="3" type="stmt"/>
        <line num="20" count="2" type="stmt"/>
        <line num="24" count="4" type="stmt"/>
        <line num="26" count="3" type="stmt"/>
        <line num="31" count="3" type="cond" truecount="1" falsecount="0"/>
        <line num="32" count="1" type="stmt"/>
        <line num="37" count="10" type="stmt"/>
        <line num="38" count="9" type="cond" truecount="1" falsecount="0"/>
        <line num="40" count="6" type="stmt"/>
        <line num="44" count="2" type="stmt"/>
        <line num="48" count="1" type="stmt"/>
        <line num="52" count="2" type="stmt"/>
        <line num="53" count="2" type="stmt"/>
        <line num="55" count="2" type="stmt"/>
        <line num="56" count="2" type="cond" truecount="1" falsecount="0"/>
        <line num="57" count="1" type="stmt"/>
        <line num="60" count="1" type="stmt"/>
        <line num="61" count="1" type="stmt"/>
        <line num="65" count="2" type="stmt"/>
        <line num="70" count="2" type="cond" truecount="0" falsecount="1"/>
        <line num="71" count="0" type="stmt"/>
        <line num="74" count="2" type="stmt"/>
        <line num="78" count="2" type="cond" truecount="1" falsecount="0"/>
        <line num="79" count="1" type="stmt"/>
        <line num="82" count="1" type="stmt"/>
        <line num="85" count="1" type="stmt"/>
      </file>
    </package>
    <package name="src.utils">
      <metrics statements="10" coveredstatements="4" conditionals="20" coveredconditionals="4" methods="6" coveredmethods="3"/>
      <file name="errorUtils.ts" path="/home/luiza/Desktop/Driven/19_SingMe-a-Song/back-end/src/utils/errorUtils.ts">
        <metrics statements="10" coveredstatements="4" conditionals="20" coveredconditionals="4" methods="6" coveredmethods="3"/>
        <line num="8" count="5" type="stmt"/>
        <line num="12" count="4" type="cond" truecount="0" falsecount="1"/>
        <line num="13" count="4" type="cond" truecount="1" falsecount="0"/>
        <line num="14" count="0" type="cond" truecount="0" falsecount="1"/>
        <line num="15" count="0" type="cond" truecount="0" falsecount="1"/>
        <line num="16" count="0" type="stmt"/>
        <line num="20" count="0" type="cond" truecount="0" falsecount="4"/>
        <line num="24" count="4" type="cond" truecount="3" falsecount="1"/>
        <line num="28" count="0" type="cond" truecount="0" falsecount="4"/>
        <line num="32" count="0" type="cond" truecount="0" falsecount="4"/>
      </file>
    </package>
    <package name="tests">
      <metrics statements="1" coveredstatements="1" conditionals="0" coveredconditionals="0" methods="1" coveredmethods="1"/>
      <file name="helpers.ts" path="/home/luiza/Desktop/Driven/19_SingMe-a-Song/back-end/tests/helpers.ts">
        <metrics statements="1" coveredstatements="1" conditionals="0" coveredconditionals="0" methods="1" coveredmethods="1"/>
        <line num="4" count="16" type="stmt"/>
      </file>
    </package>
    <package name="tests.factories">
      <metrics statements="2" coveredstatements="2" conditionals="7" coveredconditionals="7" methods="2" coveredmethods="2"/>
      <file name="recommendationsFactory.ts" path="/home/luiza/Desktop/Driven/19_SingMe-a-Song/back-end/tests/factories/recommendationsFactory.ts">
        <metrics statements="2" coveredstatements="2" conditionals="7" coveredconditionals="7" methods="2" coveredmethods="2"/>
        <line num="6" count="52" type="stmt"/>
        <line num="16" count="3" type="stmt"/>
      </file>
    </package>
  </project>
</coverage>
